app/build/outputs/logs/manifest-merger-debug-report.txt
-- Merging decision tree log ---
manifest
ADDED from src\main\AndroidManifest.xml:2:1-49:12
	package
		ADDED from src\main\AndroidManifest.xml:3:5-26
		INJECTED from src\main\AndroidManifest.xml
		INJECTED from src\main\AndroidManifest.xml
	android:versionName
		ADDED from src\main\AndroidManifest.xml:5:5-30
		INJECTED from src\main\AndroidManifest.xml
		INJECTED from src\main\AndroidManifest.xml
	android:versionCode
		ADDED from src\main\AndroidManifest.xml:4:5-28
		INJECTED from src\main\AndroidManifest.xml
		INJECTED from src\main\AndroidManifest.xml
	xmlns:android
		ADDED from src\main\AndroidManifest.xml:2:11-69
uses-sdk
ADDED from src\main\AndroidManifest.xml:7:5-9:41
MERGED from [com.android.support:appcompat-v7:23.4.0] AndroidManifest.xml:21:5-23:78
MERGED from [com.android.support:animated-vector-drawable:23.4.0] AndroidManifest.xml:5:5-44
MERGED from [com.android.support:support-vector-drawable:23.4.0] AndroidManifest.xml:5:5-43
MERGED from [com.android.support:support-v4:23.4.0] AndroidManifest.xml:20:5-43
MERGED from [com.android.support:support-v4:23.4.0] AndroidManifest.xml:20:5-43
MERGED from [com.android.support:support-vector-drawable:23.4.0] AndroidManifest.xml:5:5-43
MERGED from [com.android.support:support-v4:23.4.0] AndroidManifest.xml:20:5-43
MERGED from [com.android.support:support-v4:23.4.0] AndroidManifest.xml:20:5-43
	tools:overrideLibrary
		ADDED from [com.android.support:appcompat-v7:23.4.0] AndroidManifest.xml:23:9-75
	android:targetSdkVersion
		ADDED from src\main\AndroidManifest.xml:9:9-38
		INJECTED from src\main\AndroidManifest.xml
		INJECTED from src\main\AndroidManifest.xml
	android:minSdkVersion
		ADDED from src\main\AndroidManifest.xml:8:9-35
		INJECTED from src\main\AndroidManifest.xml
		INJECTED from src\main\AndroidManifest.xml
uses-permission#android.permission.NFC
ADDED from src\main\AndroidManifest.xml:11:5-62
	android:name
		ADDED from src\main\AndroidManifest.xml:11:22-59
uses-permission#android.permission.SYSTEM_ALERT_WINDOW
ADDED from src\main\AndroidManifest.xml:12:5-78
	android:name
		ADDED from src\main\AndroidManifest.xml:12:22-75
uses-feature#android.hardware.nfc
ADDED from src\main\AndroidManifest.xml:13:5-80
	android:required
		ADDED from src\main\AndroidManifest.xml:13:55-78
	android:name
		ADDED from src\main\AndroidManifest.xml:13:19-54
application
ADDED from src\main\AndroidManifest.xml:15:5-47:19
MERGED from [com.android.support:appcompat-v7:23.4.0] AndroidManifest.xml:25:5-20
MERGED from [com.android.support:animated-vector-drawable:23.4.0] AndroidManifest.xml:7:5-20
MERGED from [com.android.support:support-vector-drawable:23.4.0] AndroidManifest.xml:7:5-20
MERGED from [com.android.support:support-v4:23.4.0] AndroidManifest.xml:22:5-20
MERGED from [com.android.support:support-v4:23.4.0] AndroidManifest.xml:22:5-20
MERGED from [com.android.support:support-vector-drawable:23.4.0] AndroidManifest.xml:7:5-20
MERGED from [com.android.support:support-v4:23.4.0] AndroidManifest.xml:22:5-20
MERGED from [com.android.support:support-v4:23.4.0] AndroidManifest.xml:22:5-20
	android:label
		ADDED from src\main\AndroidManifest.xml:19:9-41
	android:allowBackup
		ADDED from src\main\AndroidManifest.xml:17:9-35
	android:icon
		ADDED from src\main\AndroidManifest.xml:18:9-42
	android:theme
		ADDED from src\main\AndroidManifest.xml:16:9-65
	android:logo
		ADDED from src\main\AndroidManifest.xml:20:9-42
activity#org.tmr.mod.nfc.DemoActivity
ADDED from src\main\AndroidManifest.xml:22:9-46:20
	android:label
		ADDED from src\main\AndroidManifest.xml:24:13-45
	android:name
		ADDED from src\main\AndroidManifest.xml:23:13-56
intent-filter#android.intent.action.MAIN+android.intent.category.LAUNCHER
ADDED from src\main\AndroidManifest.xml:25:13-28:29
action#android.intent.action.MAIN
ADDED from src\main\AndroidManifest.xml:26:17-69
	android:name
		ADDED from src\main\AndroidManifest.xml:26:25-66
category#android.intent.category.LAUNCHER
ADDED from src\main\AndroidManifest.xml:27:17-77
	android:name
		ADDED from src\main\AndroidManifest.xml:27:27-74
intent-filter#android.intent.category.DEFAULT+android.nfc.action.NDEF_DISCOVERED
ADDED from src\main\AndroidManifest.xml:29:13-33:29
action#android.nfc.action.NDEF_DISCOVERED
ADDED from src\main\AndroidManifest.xml:30:17-76
	android:name
		ADDED from src\main\AndroidManifest.xml:30:25-74
category#android.intent.category.DEFAULT
ADDED from src\main\AndroidManifest.xml:31:17-75
	android:name
		ADDED from src\main\AndroidManifest.xml:31:27-73
data
ADDED from src\main\AndroidManifest.xml:32:17-48
	android:mimeType
		ADDED from src\main\AndroidManifest.xml:32:23-45
intent-filter#android.intent.category.DEFAULT+android.nfc.action.TECH_DISCOVERED
ADDED from src\main\AndroidManifest.xml:34:13-37:29
action#android.nfc.action.TECH_DISCOVERED
ADDED from src\main\AndroidManifest.xml:35:17-76
	android:name
		ADDED from src\main\AndroidManifest.xml:35:25-74
meta-data#android.nfc.action.TECH_DISCOVERED
ADDED from src\main\AndroidManifest.xml:39:13-40:59
	android:resource
		ADDED from src\main\AndroidManifest.xml:40:17-56
	android:name
		ADDED from src\main\AndroidManifest.xml:39:24-73
intent-filter#android.intent.category.DEFAULT+android.nfc.action.TAG_DISCOVERED
ADDED from src\main\AndroidManifest.xml:42:13-45:29
action#android.nfc.action.TAG_DISCOVERED
ADDED from src\main\AndroidManifest.xml:43:17-75
	android:name
		ADDED from src\main\AndroidManifest.xml:43:25-73